<?xml version="1.0" encoding="UTF-8"?>
<!-- Generated by org.testng.reporters.JUnitReportReporter -->
<testsuite skipped="0" hostname="ROS-PC331" name="testCases.flynasFlow" tests="1" failures="0" timestamp="11 Sep 2019 04:10:37 GMT" time="219.189" errors="0">
  <testcase name="test" time="219.189" classname="testCases.flynasFlow"/>
</testsuite> <!-- testCases.flynasFlow -->
