<?xml version="1.0" encoding="UTF-8"?>
<!-- Generated by org.testng.reporters.JUnitReportReporter -->
<testsuite skipped="0" hostname="ROS-PC331" name="testCases.dummy" tests="1" failures="0" timestamp="28 Aug 2019 11:13:02 GMT" time="4.286" errors="0">
  <testcase name="test" time="4.286" classname="testCases.dummy"/>
</testsuite> <!-- testCases.dummy -->
