<?xml version="1.0" encoding="UTF-8"?>
<!-- Generated by org.testng.reporters.JUnitReportReporter -->
<testsuite skipped="0" hostname="ROS-PC331" name="testCases.flynasFlow" tests="1" failures="0" timestamp="16 Oct 2019 11:56:08 GMT" time="3.186" errors="0">
  <testcase name="test" time="3.186" classname="testCases.flynasFlow"/>
</testsuite> <!-- testCases.flynasFlow -->
