<?xml version="1.0" encoding="UTF-8"?>
<!-- Generated by org.testng.reporters.JUnitReportReporter -->
<testsuite skipped="0" hostname="ROS-PC331" name="testCases.flynasFlow" tests="1" failures="0" timestamp="14 Oct 2019 10:26:21 GMT" time="14.834" errors="0">
  <testcase name="test" time="14.834" classname="testCases.flynasFlow"/>
</testsuite> <!-- testCases.flynasFlow -->
